生成启动时间为 2015/10/30 17:05:24。
     1>项目“D:\BaiduMusic\DuiLib\DuiLib.vcxproj”在节点 2 上(rebuild 个目标)。
     1>_PrepareForClean:
         正在删除文件“.\Build\Release\DuiLib.lastbuildstate”。
       InitializeBuildStatus:
         正在创建“.\Build\Release\DuiLib.unsuccessfulbuild”，因为已指定“AlwaysCreate”。
       ClCompile:
         C:\Program Files (x86)\Microsoft Visual Studio 10.0\VC\bin\CL.exe /c /Zi /nologo /W3 /WX- /O1 /Ob1 /Oy- /D WIN32 /D NDEBUG /D _WINDOWS /D UILIB_EXPORTS /D _VC80_UPGRADE=0x0600 /D _WINDLL /D _MBCS /GF /Gm- /EHsc /MD /GS /Gy /fp:precise /Zc:wchar_t /Zc:forScope /Yc"StdAfx.h" /Fp".\Build\Release/DuiLib.pch" /Fo".\Build\Release\\" /Fd".\Build\Release\vc100.pdb" /Gd /TP /analyze- /errorReport:prompt StdAfx.cpp
         StdAfx.cpp
         C:\Program Files (x86)\Microsoft Visual Studio 10.0\VC\bin\CL.exe /c /Zi /nologo /W3 /WX- /O1 /Ob1 /Oy- /D WIN32 /D NDEBUG /D _WINDOWS /D UILIB_EXPORTS /D _VC80_UPGRADE=0x0600 /D _WINDLL /D _MBCS /GF /Gm- /EHsc /MD /GS /Gy /fp:precise /Zc:wchar_t /Zc:forScope /Yu"StdAfx.h" /Fp".\Build\Release/DuiLib.pch" /Fo".\Build\Release\\" /Fd".\Build\Release\vc100.pdb" /Gd /TP /analyze- /errorReport:prompt UIlib.cpp Utils\WinImplBase.cpp Utils\UIDelegate.cpp Utils\Utils.cpp Core\UIBase.cpp Core\UIContainer.cpp Core\UIControl.cpp Core\UIDlgBuilder.cpp Core\UIManager.cpp Core\UIMarkup.cpp Core\UIRender.cpp Layout\UIChildLayout.cpp Layout\UIHorizontalLayout.cpp Layout\UITabLayout.cpp Layout\UITileLayout.cpp Layout\UIVerticalLayout.cpp Control\UIActiveX.cpp Control\UIButton.cpp Control\UICheckBox.cpp Control\UICombo.cpp Control\UIComboBox.cpp Control\UIDateTime.cpp Control\UIEdit.cpp Control\UILabel.cpp Control\UIList.cpp Control\UIOption.cpp Control\UIProgress.cpp Control\UIRichEdit.cpp Control\UIScrollBar.cpp Control\UISlider.cpp Control\UIText.cpp Control\UITreeView.cpp Control\UIWebBrowser.cpp
         UIlib.cpp
         WinImplBase.cpp
         UIDelegate.cpp
         Utils.cpp
         UIBase.cpp
         UIContainer.cpp
         UIControl.cpp
         UIDlgBuilder.cpp
         UIManager.cpp
         UIMarkup.cpp
         UIRender.cpp
         UIChildLayout.cpp
         UIHorizontalLayout.cpp
         UITabLayout.cpp
         UITileLayout.cpp
         UIVerticalLayout.cpp
         UIActiveX.cpp
         UIButton.cpp
         UICheckBox.cpp
         UICombo.cpp
         正在生成代码...
         正在编译...
         UIComboBox.cpp
         UIDateTime.cpp
         UIEdit.cpp
         UILabel.cpp
         UIList.cpp
         UIOption.cpp
         UIProgress.cpp
         UIRichEdit.cpp
         UIScrollBar.cpp
         UISlider.cpp
         UIText.cpp
         UITreeView.cpp
         UIWebBrowser.cpp
         正在生成代码...
         C:\Program Files (x86)\Microsoft Visual Studio 10.0\VC\bin\CL.exe /c /Zi /nologo /W3 /WX- /O1 /Ob1 /Oy- /D WIN32 /D NDEBUG /D _WINDOWS /D UILIB_EXPORTS /D _VC80_UPGRADE=0x0600 /D _WINDLL /D _MBCS /GF /Gm- /EHsc /MD /GS /Gy /fp:precise /Zc:wchar_t /Zc:forScope /Fo".\Build\Release\\" /Fd".\Build\Release\vc100.pdb" /Gd /TC /analyze- /errorReport:prompt Utils\stb_image.c
         stb_image.c
         C:\Program Files (x86)\Microsoft Visual Studio 10.0\VC\bin\CL.exe /c /Zi /nologo /W3 /WX- /O1 /Ob1 /Oy- /D WIN32 /D NDEBUG /D _WINDOWS /D UILIB_EXPORTS /D _VC80_UPGRADE=0x0600 /D _WINDLL /D _MBCS /GF /Gm- /EHsc /MD /GS /Gy /fp:precise /Zc:wchar_t /Zc:forScope /Fo".\Build\Release\\" /Fd".\Build\Release\vc100.pdb" /Gd /TP /analyze- /errorReport:prompt Utils\XUnzip.cpp
         XUnzip.cpp
     1>C:\Program Files (x86)\MSBuild\Microsoft.Cpp\v4.0\Microsoft.CppBuild.targets(990,5): warning MSB8012: TargetPath(D:\BaiduMusic\DuiLib\.\Build\Release\DuiLib.dll) 与 Linker 的 OutputFile 属性值(D:\BaiduMusic\bin\DuiLib_u.dll)不匹配。这可能导致项目生成不正确。若要更正此问题，请确保 $(OutDir)、$(TargetName) 和 $(TargetExt) 属性值与 %(Link.OutputFile) 中指定的值匹配。
     1>C:\Program Files (x86)\MSBuild\Microsoft.Cpp\v4.0\Microsoft.CppBuild.targets(992,5): warning MSB8012: TargetName(DuiLib) 与 Linker 的 OutputFile 属性值(DuiLib_u)不匹配。这可能导致项目生成不正确。若要更正此问题，请确保 $(OutDir)、$(TargetName) 和 $(TargetExt) 属性值与 %(Link.OutputFile) 中指定的值匹配。
       Link:
         C:\Program Files (x86)\Microsoft Visual Studio 10.0\VC\bin\link.exe /ERRORREPORT:PROMPT /OUT:"../bin/DuiLib_u.dll" /INCREMENTAL:NO /NOLOGO /LIBPATH:.\lib kernel32.lib user32.lib gdi32.lib winspool.lib comdlg32.lib advapi32.lib shell32.lib ole32.lib oleaut32.lib uuid.lib odbc32.lib odbccp32.lib /MANIFEST:NO /PDB:"D:\BaiduMusic\DuiLib\Build\Release\DuiLib.pdb" /TLBID:1 /BASE:"0x11000000" /DYNAMICBASE /NXCOMPAT /IMPLIB:"../Lib/DuiLib.lib" /MACHINE:X86 /DLL .\Build\Release\StdAfx.obj
         .\Build\Release\UIlib.obj
         .\Build\Release\WinImplBase.obj
         .\Build\Release\stb_image.obj
         .\Build\Release\UIDelegate.obj
         .\Build\Release\Utils.obj
         .\Build\Release\XUnzip.obj
         .\Build\Release\UIBase.obj
         .\Build\Release\UIContainer.obj
         .\Build\Release\UIControl.obj
         .\Build\Release\UIDlgBuilder.obj
         .\Build\Release\UIManager.obj
         .\Build\Release\UIMarkup.obj
         .\Build\Release\UIRender.obj
         .\Build\Release\UIChildLayout.obj
         .\Build\Release\UIHorizontalLayout.obj
         .\Build\Release\UITabLayout.obj
         .\Build\Release\UITileLayout.obj
         .\Build\Release\UIVerticalLayout.obj
         .\Build\Release\UIActiveX.obj
         .\Build\Release\UIButton.obj
         .\Build\Release\UICheckBox.obj
         .\Build\Release\UICombo.obj
         .\Build\Release\UIComboBox.obj
         .\Build\Release\UIDateTime.obj
         .\Build\Release\UIEdit.obj
         .\Build\Release\UILabel.obj
         .\Build\Release\UIList.obj
         .\Build\Release\UIOption.obj
         .\Build\Release\UIProgress.obj
         .\Build\Release\UIRichEdit.obj
         .\Build\Release\UIScrollBar.obj
         .\Build\Release\UISlider.obj
         .\Build\Release\UIText.obj
         .\Build\Release\UITreeView.obj
         .\Build\Release\UIWebBrowser.obj
            正在创建库 ../Lib/DuiLib.lib 和对象 ../Lib/DuiLib.exp
         DuiLib.vcxproj -> D:\BaiduMusic\DuiLib\.\Build\Release\DuiLib.dll
       FinalizeBuildStatus:
         正在删除文件“.\Build\Release\DuiLib.unsuccessfulbuild”。
         正在对“.\Build\Release\DuiLib.lastbuildstate”执行 Touch 任务。
     1>已完成生成项目“D:\BaiduMusic\DuiLib\DuiLib.vcxproj”(rebuild 个目标)的操作。

生成成功。

已用时间 00:00:05.87
