D:\BAIDUMUSIC\BIN\DUILIB_UD.DLL
D:\BaiduMusic\DuiLib\Build\Debug\cl.command.1.tlog
D:\BaiduMusic\DuiLib\Build\Debug\CL.read.1.tlog
D:\BaiduMusic\DuiLib\Build\Debug\CL.write.1.tlog
D:\BAIDUMUSIC\DUILIB\BUILD\DEBUG\DUILIB.PCH
D:\BAIDUMUSIC\DUILIB\BUILD\DEBUG\DUILIB.PDB
D:\BaiduMusic\DuiLib\Build\Debug\DuiLib.write.1.tlog
D:\BaiduMusic\DuiLib\Build\Debug\link.command.1.tlog
D:\BaiduMusic\DuiLib\Build\Debug\link.read.1.tlog
D:\BaiduMusic\DuiLib\Build\Debug\link.write.1.tlog
D:\BAIDUMUSIC\DUILIB\BUILD\DEBUG\STB_IMAGE.OBJ
D:\BAIDUMUSIC\DUILIB\BUILD\DEBUG\STDAFX.OBJ
D:\BAIDUMUSIC\DUILIB\BUILD\DEBUG\UIACTIVEX.OBJ
D:\BAIDUMUSIC\DUILIB\BUILD\DEBUG\UIBASE.OBJ
D:\BAIDUMUSIC\DUILIB\BUILD\DEBUG\UIBUTTON.OBJ
D:\BAIDUMUSIC\DUILIB\BUILD\DEBUG\UICHECKBOX.OBJ
D:\BAIDUMUSIC\DUILIB\BUILD\DEBUG\UICHILDLAYOUT.OBJ
D:\BAIDUMUSIC\DUILIB\BUILD\DEBUG\UICOMBO.OBJ
D:\BAIDUMUSIC\DUILIB\BUILD\DEBUG\UICOMBOBOX.OBJ
D:\BAIDUMUSIC\DUILIB\BUILD\DEBUG\UICONTAINER.OBJ
D:\BAIDUMUSIC\DUILIB\BUILD\DEBUG\UICONTROL.OBJ
D:\BAIDUMUSIC\DUILIB\BUILD\DEBUG\UIDATETIME.OBJ
D:\BAIDUMUSIC\DUILIB\BUILD\DEBUG\UIDELEGATE.OBJ
D:\BAIDUMUSIC\DUILIB\BUILD\DEBUG\UIDLGBUILDER.OBJ
D:\BAIDUMUSIC\DUILIB\BUILD\DEBUG\UIEDIT.OBJ
D:\BAIDUMUSIC\DUILIB\BUILD\DEBUG\UIHORIZONTALLAYOUT.OBJ
D:\BAIDUMUSIC\DUILIB\BUILD\DEBUG\UILABEL.OBJ
D:\BAIDUMUSIC\DUILIB\BUILD\DEBUG\UILIB.OBJ
D:\BAIDUMUSIC\DUILIB\BUILD\DEBUG\UILIST.OBJ
D:\BAIDUMUSIC\DUILIB\BUILD\DEBUG\UIMANAGER.OBJ
D:\BAIDUMUSIC\DUILIB\BUILD\DEBUG\UIMARKUP.OBJ
D:\BAIDUMUSIC\DUILIB\BUILD\DEBUG\UIOPTION.OBJ
D:\BAIDUMUSIC\DUILIB\BUILD\DEBUG\UIPROGRESS.OBJ
D:\BAIDUMUSIC\DUILIB\BUILD\DEBUG\UIRENDER.OBJ
D:\BAIDUMUSIC\DUILIB\BUILD\DEBUG\UIRICHEDIT.OBJ
D:\BAIDUMUSIC\DUILIB\BUILD\DEBUG\UISCROLLBAR.OBJ
D:\BAIDUMUSIC\DUILIB\BUILD\DEBUG\UISLIDER.OBJ
D:\BAIDUMUSIC\DUILIB\BUILD\DEBUG\UITABLAYOUT.OBJ
D:\BAIDUMUSIC\DUILIB\BUILD\DEBUG\UITEXT.OBJ
D:\BAIDUMUSIC\DUILIB\BUILD\DEBUG\UITILELAYOUT.OBJ
D:\BAIDUMUSIC\DUILIB\BUILD\DEBUG\UITREEVIEW.OBJ
D:\BAIDUMUSIC\DUILIB\BUILD\DEBUG\UIVERTICALLAYOUT.OBJ
D:\BAIDUMUSIC\DUILIB\BUILD\DEBUG\UIWEBBROWSER.OBJ
D:\BAIDUMUSIC\DUILIB\BUILD\DEBUG\UTILS.OBJ
D:\BaiduMusic\DuiLib\Build\Debug\vc100.idb
D:\BAIDUMUSIC\DUILIB\BUILD\DEBUG\VC100.PDB
D:\BAIDUMUSIC\DUILIB\BUILD\DEBUG\WINIMPLBASE.OBJ
D:\BAIDUMUSIC\DUILIB\BUILD\DEBUG\XUNZIP.OBJ
D:\BaiduMusic\lib\DuiLib_ud.exp
D:\BaiduMusic\lib\DuiLib_ud.lib
