.\Build\Debug\DuiLib.pdb
D:\BAIDUVERSION\2015.12.20\BAIDUMUSIC\DEBUG\DUILIB_UD.DLL
D:\BAIDUVERSION\2015.12.20\DUILIB\BUILD\DEBUG\DUILIB.PCH
D:\BAIDUVERSION\2015.12.20\DUILIB\BUILD\DEBUG\DUILIB.PDB
D:\BAIDUVERSION\2015.12.20\DUILIB\BUILD\DEBUG\DUILIB.RES
D:\BAIDUVERSION\2015.12.20\DUILIB\BUILD\DEBUG\LOG.OBJ
D:\BAIDUVERSION\2015.12.20\DUILIB\BUILD\DEBUG\STB_IMAGE.OBJ
D:\BAIDUVERSION\2015.12.20\DUILIB\BUILD\DEBUG\STDAFX.OBJ
D:\BAIDUVERSION\2015.12.20\DUILIB\BUILD\DEBUG\UIACTIVEX.OBJ
D:\BAIDUVERSION\2015.12.20\DUILIB\BUILD\DEBUG\UIANIMATE.OBJ
D:\BAIDUVERSION\2015.12.20\DUILIB\BUILD\DEBUG\UIBASE.OBJ
D:\BAIDUVERSION\2015.12.20\DUILIB\BUILD\DEBUG\UIBUTTON.OBJ
D:\BAIDUVERSION\2015.12.20\DUILIB\BUILD\DEBUG\UICHECKBOX.OBJ
D:\BAIDUVERSION\2015.12.20\DUILIB\BUILD\DEBUG\UICHILDLAYOUT.OBJ
D:\BAIDUVERSION\2015.12.20\DUILIB\BUILD\DEBUG\UICOMBO.OBJ
D:\BAIDUVERSION\2015.12.20\DUILIB\BUILD\DEBUG\UICOMBOBOX.OBJ
D:\BAIDUVERSION\2015.12.20\DUILIB\BUILD\DEBUG\UICONTAINER.OBJ
D:\BAIDUVERSION\2015.12.20\DUILIB\BUILD\DEBUG\UICONTROL.OBJ
D:\BAIDUVERSION\2015.12.20\DUILIB\BUILD\DEBUG\UIDATETIME.OBJ
D:\BAIDUVERSION\2015.12.20\DUILIB\BUILD\DEBUG\UIDELEGATE.OBJ
D:\BAIDUVERSION\2015.12.20\DUILIB\BUILD\DEBUG\UIDLGBUILDER.OBJ
D:\BAIDUVERSION\2015.12.20\DUILIB\BUILD\DEBUG\UIEDIT.OBJ
D:\BAIDUVERSION\2015.12.20\DUILIB\BUILD\DEBUG\UIHORIZONTALLAYOUT.OBJ
D:\BAIDUVERSION\2015.12.20\DUILIB\BUILD\DEBUG\UILABEL.OBJ
D:\BAIDUVERSION\2015.12.20\DUILIB\BUILD\DEBUG\UILIB.OBJ
D:\BAIDUVERSION\2015.12.20\DUILIB\BUILD\DEBUG\UILIST.OBJ
D:\BAIDUVERSION\2015.12.20\DUILIB\BUILD\DEBUG\UILISTMULT.OBJ
D:\BAIDUVERSION\2015.12.20\DUILIB\BUILD\DEBUG\UIMANAGER.OBJ
D:\BAIDUVERSION\2015.12.20\DUILIB\BUILD\DEBUG\UIMARKUP.OBJ
D:\BAIDUVERSION\2015.12.20\DUILIB\BUILD\DEBUG\UIOPTION.OBJ
D:\BAIDUVERSION\2015.12.20\DUILIB\BUILD\DEBUG\UIPROGRESS.OBJ
D:\BAIDUVERSION\2015.12.20\DUILIB\BUILD\DEBUG\UIRENDER.OBJ
D:\BAIDUVERSION\2015.12.20\DUILIB\BUILD\DEBUG\UIRICHEDIT.OBJ
D:\BAIDUVERSION\2015.12.20\DUILIB\BUILD\DEBUG\UISCROLLBAR.OBJ
D:\BAIDUVERSION\2015.12.20\DUILIB\BUILD\DEBUG\UISLIDER.OBJ
D:\BAIDUVERSION\2015.12.20\DUILIB\BUILD\DEBUG\UITABLAYOUT.OBJ
D:\BAIDUVERSION\2015.12.20\DUILIB\BUILD\DEBUG\UITEXT.OBJ
D:\BAIDUVERSION\2015.12.20\DUILIB\BUILD\DEBUG\UITILELAYOUT.OBJ
D:\BAIDUVERSION\2015.12.20\DUILIB\BUILD\DEBUG\UITREEVIEW.OBJ
D:\BAIDUVERSION\2015.12.20\DUILIB\BUILD\DEBUG\UIVERTICALLAYOUT.OBJ
D:\BAIDUVERSION\2015.12.20\DUILIB\BUILD\DEBUG\UIWEBBROWSER.OBJ
D:\BAIDUVERSION\2015.12.20\DUILIB\BUILD\DEBUG\UTILS.OBJ
D:\BAIDUVERSION\2015.12.20\DUILIB\BUILD\DEBUG\VC100.PDB
D:\BAIDUVERSION\2015.12.20\DUILIB\BUILD\DEBUG\WINIMPLBASE.OBJ
D:\BAIDUVERSION\2015.12.20\DUILIB\BUILD\DEBUG\XUNZIP.OBJ
D:\BaiduVersion\2015.12.20\lib\DuiLib_ud.exp
D:\BaiduVersion\2015.12.20\lib\DuiLib_ud.lib
D:\BaiduVersion\2015.12.21\DuiLib\Build\Debug\cl.command.1.tlog
D:\BaiduVersion\2015.12.21\DuiLib\Build\Debug\CL.read.1.tlog
D:\BaiduVersion\2015.12.21\DuiLib\Build\Debug\CL.write.1.tlog
D:\BaiduVersion\2015.12.21\DuiLib\Build\Debug\DuiLib.pch
D:\BaiduVersion\2015.12.21\DuiLib\Build\Debug\DuiLib.pdb
D:\BaiduVersion\2015.12.21\DuiLib\Build\Debug\DuiLib.res
D:\BaiduVersion\2015.12.21\DuiLib\Build\Debug\DuiLib.write.1.tlog
D:\BaiduVersion\2015.12.21\DuiLib\Build\Debug\link.command.1.tlog
D:\BaiduVersion\2015.12.21\DuiLib\Build\Debug\link.read.1.tlog
D:\BaiduVersion\2015.12.21\DuiLib\Build\Debug\link.write.1.tlog
D:\BaiduVersion\2015.12.21\DuiLib\Build\Debug\link-cvtres.read.1.tlog
D:\BaiduVersion\2015.12.21\DuiLib\Build\Debug\link-cvtres.write.1.tlog
D:\BaiduVersion\2015.12.21\DuiLib\Build\Debug\log.obj
D:\BaiduVersion\2015.12.21\DuiLib\Build\Debug\rc.command.1.tlog
D:\BaiduVersion\2015.12.21\DuiLib\Build\Debug\rc.read.1.tlog
D:\BaiduVersion\2015.12.21\DuiLib\Build\Debug\rc.write.1.tlog
D:\BaiduVersion\2015.12.21\DuiLib\Build\Debug\stb_image.obj
D:\BaiduVersion\2015.12.21\DuiLib\Build\Debug\StdAfx.obj
D:\BaiduVersion\2015.12.21\DuiLib\Build\Debug\UIActiveX.obj
D:\BaiduVersion\2015.12.21\DuiLib\Build\Debug\UIAnimate.obj
D:\BaiduVersion\2015.12.21\DuiLib\Build\Debug\UIBase.obj
D:\BaiduVersion\2015.12.21\DuiLib\Build\Debug\UIButton.obj
D:\BaiduVersion\2015.12.21\DuiLib\Build\Debug\UICheckBox.obj
D:\BaiduVersion\2015.12.21\DuiLib\Build\Debug\UIChildLayout.obj
D:\BaiduVersion\2015.12.21\DuiLib\Build\Debug\UICombo.obj
D:\BaiduVersion\2015.12.21\DuiLib\Build\Debug\UIComboBox.obj
D:\BaiduVersion\2015.12.21\DuiLib\Build\Debug\UIContainer.obj
D:\BaiduVersion\2015.12.21\DuiLib\Build\Debug\UIControl.obj
D:\BaiduVersion\2015.12.21\DuiLib\Build\Debug\UIDateTime.obj
D:\BaiduVersion\2015.12.21\DuiLib\Build\Debug\UIDelegate.obj
D:\BaiduVersion\2015.12.21\DuiLib\Build\Debug\UIDlgBuilder.obj
D:\BaiduVersion\2015.12.21\DuiLib\Build\Debug\UIEdit.obj
D:\BaiduVersion\2015.12.21\DuiLib\Build\Debug\UIHorizontalLayout.obj
D:\BaiduVersion\2015.12.21\DuiLib\Build\Debug\UILabel.obj
D:\BaiduVersion\2015.12.21\DuiLib\Build\Debug\UIlib.obj
D:\BaiduVersion\2015.12.21\DuiLib\Build\Debug\UIList.obj
D:\BaiduVersion\2015.12.21\DuiLib\Build\Debug\UIListMult.obj
D:\BaiduVersion\2015.12.21\DuiLib\Build\Debug\UIManager.obj
D:\BaiduVersion\2015.12.21\DuiLib\Build\Debug\UIMarkup.obj
D:\BaiduVersion\2015.12.21\DuiLib\Build\Debug\UIOption.obj
D:\BaiduVersion\2015.12.21\DuiLib\Build\Debug\UIProgress.obj
D:\BaiduVersion\2015.12.21\DuiLib\Build\Debug\UIRender.obj
D:\BaiduVersion\2015.12.21\DuiLib\Build\Debug\UIRichEdit.obj
D:\BaiduVersion\2015.12.21\DuiLib\Build\Debug\UIScrollBar.obj
D:\BaiduVersion\2015.12.21\DuiLib\Build\Debug\UISlider.obj
D:\BaiduVersion\2015.12.21\DuiLib\Build\Debug\UITabLayout.obj
D:\BaiduVersion\2015.12.21\DuiLib\Build\Debug\UIText.obj
D:\BaiduVersion\2015.12.21\DuiLib\Build\Debug\UITileLayout.obj
D:\BaiduVersion\2015.12.21\DuiLib\Build\Debug\UITreeView.obj
D:\BaiduVersion\2015.12.21\DuiLib\Build\Debug\UIVerticalLayout.obj
D:\BaiduVersion\2015.12.21\DuiLib\Build\Debug\UIWebBrowser.obj
D:\BaiduVersion\2015.12.21\DuiLib\Build\Debug\Utils.obj
D:\BaiduVersion\2015.12.21\DuiLib\Build\Debug\vc100.idb
D:\BaiduVersion\2015.12.21\DuiLib\Build\Debug\vc100.pdb
D:\BaiduVersion\2015.12.21\DuiLib\Build\Debug\WinImplBase.obj
D:\BaiduVersion\2015.12.21\DuiLib\Build\Debug\XUnzip.obj
