C:\WORK\BaiduMusic\2015.12.20\BaiduMusic\BaiduMusicDemo\Debug\BaiduMusic.exe.embed.manifest
C:\WORK\BaiduMusic\2015.12.20\BaiduMusic\BaiduMusicDemo\Debug\BaiduMusic.exe.embed.manifest.res
C:\WORK\BaiduMusic\2015.12.20\BaiduMusic\BaiduMusicDemo\Debug\BaiduMusic.exe.intermediate.manifest
C:\WORK\BaiduMusic\2015.12.20\BaiduMusic\BaiduMusicDemo\Debug\BaiduMusic.res
C:\WORK\BaiduMusic\2015.12.20\BaiduMusic\BaiduMusicDemo\Debug\BaiduMusic.write.1.tlog
C:\WORK\BaiduMusic\2015.12.20\BaiduMusic\BaiduMusicDemo\Debug\BaiduMusic_manifest.rc
C:\WORK\BaiduMusic\2015.12.20\BaiduMusic\BaiduMusicDemo\Debug\BaiduMusicDemo.vcxprojResolveAssemblyReference.cache
C:\WORK\BaiduMusic\2015.12.20\BaiduMusic\BaiduMusicDemo\Debug\cl.command.1.tlog
C:\WORK\BaiduMusic\2015.12.20\BaiduMusic\BaiduMusicDemo\Debug\CL.read.1.tlog
C:\WORK\BaiduMusic\2015.12.20\BaiduMusic\BaiduMusicDemo\Debug\CL.write.1.tlog
C:\WORK\BaiduMusic\2015.12.20\BaiduMusic\BaiduMusicDemo\Debug\DuiFrameWnd.obj
C:\WORK\BaiduMusic\2015.12.20\BaiduMusic\BaiduMusicDemo\Debug\link.11316.read.1.tlog
C:\WORK\BaiduMusic\2015.12.20\BaiduMusic\BaiduMusicDemo\Debug\link.11316.write.1.tlog
C:\WORK\BaiduMusic\2015.12.20\BaiduMusic\BaiduMusicDemo\Debug\link.11316-cvtres.read.1.tlog
C:\WORK\BaiduMusic\2015.12.20\BaiduMusic\BaiduMusicDemo\Debug\link.11316-cvtres.write.1.tlog
C:\WORK\BaiduMusic\2015.12.20\BaiduMusic\BaiduMusicDemo\Debug\link.11448.read.1.tlog
C:\WORK\BaiduMusic\2015.12.20\BaiduMusic\BaiduMusicDemo\Debug\link.11448.write.1.tlog
C:\WORK\BaiduMusic\2015.12.20\BaiduMusic\BaiduMusicDemo\Debug\link.11448-cvtres.read.1.tlog
C:\WORK\BaiduMusic\2015.12.20\BaiduMusic\BaiduMusicDemo\Debug\link.11448-cvtres.write.1.tlog
C:\WORK\BaiduMusic\2015.12.20\BaiduMusic\BaiduMusicDemo\Debug\link.11644.read.1.tlog
C:\WORK\BaiduMusic\2015.12.20\BaiduMusic\BaiduMusicDemo\Debug\link.11644.write.1.tlog
C:\WORK\BaiduMusic\2015.12.20\BaiduMusic\BaiduMusicDemo\Debug\link.11644-cvtres.read.1.tlog
C:\WORK\BaiduMusic\2015.12.20\BaiduMusic\BaiduMusicDemo\Debug\link.11644-cvtres.write.1.tlog
C:\WORK\BaiduMusic\2015.12.20\BaiduMusic\BaiduMusicDemo\Debug\link.11760.read.1.tlog
C:\WORK\BaiduMusic\2015.12.20\BaiduMusic\BaiduMusicDemo\Debug\link.11760.write.1.tlog
C:\WORK\BaiduMusic\2015.12.20\BaiduMusic\BaiduMusicDemo\Debug\link.11760-cvtres.read.1.tlog
C:\WORK\BaiduMusic\2015.12.20\BaiduMusic\BaiduMusicDemo\Debug\link.11760-cvtres.write.1.tlog
C:\WORK\BaiduMusic\2015.12.20\BaiduMusic\BaiduMusicDemo\Debug\link.5160.read.1.tlog
C:\WORK\BaiduMusic\2015.12.20\BaiduMusic\BaiduMusicDemo\Debug\link.5160.write.1.tlog
C:\WORK\BaiduMusic\2015.12.20\BaiduMusic\BaiduMusicDemo\Debug\link.5160-cvtres.read.1.tlog
C:\WORK\BaiduMusic\2015.12.20\BaiduMusic\BaiduMusicDemo\Debug\link.5160-cvtres.write.1.tlog
C:\WORK\BaiduMusic\2015.12.20\BaiduMusic\BaiduMusicDemo\Debug\link.5388.read.1.tlog
C:\WORK\BaiduMusic\2015.12.20\BaiduMusic\BaiduMusicDemo\Debug\link.5388.write.1.tlog
C:\WORK\BaiduMusic\2015.12.20\BaiduMusic\BaiduMusicDemo\Debug\link.5516.read.1.tlog
C:\WORK\BaiduMusic\2015.12.20\BaiduMusic\BaiduMusicDemo\Debug\link.5516.write.1.tlog
C:\WORK\BaiduMusic\2015.12.20\BaiduMusic\BaiduMusicDemo\Debug\link.5516-cvtres.read.1.tlog
C:\WORK\BaiduMusic\2015.12.20\BaiduMusic\BaiduMusicDemo\Debug\link.5516-cvtres.write.1.tlog
C:\WORK\BaiduMusic\2015.12.20\BaiduMusic\BaiduMusicDemo\Debug\link.7748.read.1.tlog
C:\WORK\BaiduMusic\2015.12.20\BaiduMusic\BaiduMusicDemo\Debug\link.7748.write.1.tlog
C:\WORK\BaiduMusic\2015.12.20\BaiduMusic\BaiduMusicDemo\Debug\link.7748-cvtres.read.1.tlog
C:\WORK\BaiduMusic\2015.12.20\BaiduMusic\BaiduMusicDemo\Debug\link.7748-cvtres.write.1.tlog
C:\WORK\BaiduMusic\2015.12.20\BaiduMusic\BaiduMusicDemo\Debug\link.972.read.1.tlog
C:\WORK\BaiduMusic\2015.12.20\BaiduMusic\BaiduMusicDemo\Debug\link.972.write.1.tlog
C:\WORK\BaiduMusic\2015.12.20\BaiduMusic\BaiduMusicDemo\Debug\link.972-cvtres.read.1.tlog
C:\WORK\BaiduMusic\2015.12.20\BaiduMusic\BaiduMusicDemo\Debug\link.972-cvtres.write.1.tlog
C:\WORK\BaiduMusic\2015.12.20\BaiduMusic\BaiduMusicDemo\Debug\link.command.1.tlog
C:\WORK\BaiduMusic\2015.12.20\BaiduMusic\BaiduMusicDemo\Debug\link.read.1.tlog
C:\WORK\BaiduMusic\2015.12.20\BaiduMusic\BaiduMusicDemo\Debug\link.write.1.tlog
C:\WORK\BaiduMusic\2015.12.20\BaiduMusic\BaiduMusicDemo\Debug\link-cvtres.read.1.tlog
C:\WORK\BaiduMusic\2015.12.20\BaiduMusic\BaiduMusicDemo\Debug\link-cvtres.write.1.tlog
C:\WORK\BaiduMusic\2015.12.20\BaiduMusic\BaiduMusicDemo\Debug\main.obj
C:\WORK\BaiduMusic\2015.12.20\BaiduMusic\BaiduMusicDemo\Debug\MenuWnd.obj
C:\WORK\BaiduMusic\2015.12.20\BaiduMusic\BaiduMusicDemo\Debug\mt.command.1.tlog
C:\WORK\BaiduMusic\2015.12.20\BaiduMusic\BaiduMusicDemo\Debug\mt.read.1.tlog
C:\WORK\BaiduMusic\2015.12.20\BaiduMusic\BaiduMusicDemo\Debug\mt.write.1.tlog
C:\WORK\BaiduMusic\2015.12.20\BaiduMusic\BaiduMusicDemo\Debug\MusicListElement.obj
C:\WORK\BaiduMusic\2015.12.20\BaiduMusic\BaiduMusicDemo\Debug\MusicTest.obj
C:\WORK\BaiduMusic\2015.12.20\BaiduMusic\BaiduMusicDemo\Debug\PlayList.obj
C:\WORK\BaiduMusic\2015.12.20\BaiduMusic\BaiduMusicDemo\Debug\rc.command.1.tlog
C:\WORK\BaiduMusic\2015.12.20\BaiduMusic\BaiduMusicDemo\Debug\rc.read.1.tlog
C:\WORK\BaiduMusic\2015.12.20\BaiduMusic\BaiduMusicDemo\Debug\rc.write.1.tlog
C:\WORK\BaiduMusic\2015.12.20\BaiduMusic\BaiduMusicDemo\Debug\SettingWnd.obj
C:\WORK\BaiduMusic\2015.12.20\BaiduMusic\BaiduMusicDemo\Debug\trayicon.obj
C:\WORK\BaiduMusic\2015.12.20\BaiduMusic\BaiduMusicDemo\Debug\UIAlbum.obj
C:\WORK\BaiduMusic\2015.12.20\BaiduMusic\BaiduMusicDemo\Debug\vc100.idb
C:\WORK\BaiduMusic\2015.12.20\BaiduMusic\BaiduMusicDemo\Debug\vc100.pdb
C:\WORK\BaiduMusic\2015.12.20\BaiduMusic\Debug\BaiduMusic.exe
C:\WORK\BaiduMusic\2015.12.20\BaiduMusic\Debug\BaiduMusic.ilk
C:\WORK\BaiduMusic\2015.12.20\BaiduMusic\Debug\BaiduMusic.pdb
C:\WORK\BAIDUMUSIC\2015.12.26\BAIDUMUSIC\BAIDUMUSICDEMO\DEBUG\BAIDUMUSIC.EXE.EMBED.MANIFEST.RES
C:\WORK\BAIDUMUSIC\2015.12.26\BAIDUMUSIC\BAIDUMUSICDEMO\DEBUG\BAIDUMUSIC.EXE.INTERMEDIATE.MANIFEST
C:\WORK\BAIDUMUSIC\2015.12.26\BAIDUMUSIC\BAIDUMUSICDEMO\DEBUG\BAIDUMUSIC.RES
C:\WORK\BAIDUMUSIC\2015.12.26\BAIDUMUSIC\BAIDUMUSICDEMO\DEBUG\DUIFRAMEWND.OBJ
C:\WORK\BAIDUMUSIC\2015.12.26\BAIDUMUSIC\BAIDUMUSICDEMO\DEBUG\MAIN.OBJ
C:\WORK\BAIDUMUSIC\2015.12.26\BAIDUMUSIC\BAIDUMUSICDEMO\DEBUG\MENUWND.OBJ
C:\WORK\BAIDUMUSIC\2015.12.26\BAIDUMUSIC\BAIDUMUSICDEMO\DEBUG\MUSICLISTELEMENT.OBJ
C:\WORK\BAIDUMUSIC\2015.12.26\BAIDUMUSIC\BAIDUMUSICDEMO\DEBUG\MUSICTEST.OBJ
C:\WORK\BAIDUMUSIC\2015.12.26\BAIDUMUSIC\BAIDUMUSICDEMO\DEBUG\PLAYLIST.OBJ
C:\WORK\BAIDUMUSIC\2015.12.26\BAIDUMUSIC\BAIDUMUSICDEMO\DEBUG\SETTINGWND.OBJ
C:\WORK\BAIDUMUSIC\2015.12.26\BAIDUMUSIC\BAIDUMUSICDEMO\DEBUG\TRAYICON.OBJ
C:\WORK\BAIDUMUSIC\2015.12.26\BAIDUMUSIC\BAIDUMUSICDEMO\DEBUG\UIALBUM.OBJ
C:\WORK\BAIDUMUSIC\2015.12.26\BAIDUMUSIC\BAIDUMUSICDEMO\DEBUG\VC100.PDB
C:\WORK\BAIDUMUSIC\2015.12.26\BAIDUMUSIC\DEBUG\BAIDUMUSIC.EXE
C:\WORK\BAIDUMUSIC\2015.12.26\BAIDUMUSIC\DEBUG\BAIDUMUSIC.ILK
C:\WORK\BAIDUMUSIC\2015.12.26\BAIDUMUSIC\DEBUG\BAIDUMUSIC.PDB
D:\BAIDUVERSION\2015.12.25\BAIDUMUSIC\BAIDUMUSICDEMO\DEBUG\BAIDUMUSIC.EXE.EMBED.MANIFEST
D:\BAIDUVERSION\2015.12.25\BAIDUMUSIC\BAIDUMUSICDEMO\DEBUG\BAIDUMUSIC.EXE.EMBED.MANIFEST.RES
D:\BAIDUVERSION\2015.12.25\BAIDUMUSIC\BAIDUMUSICDEMO\DEBUG\BAIDUMUSIC.EXE.INTERMEDIATE.MANIFEST
D:\BAIDUVERSION\2015.12.25\BAIDUMUSIC\BAIDUMUSICDEMO\DEBUG\BAIDUMUSIC.RES
D:\BAIDUVERSION\2015.12.25\BAIDUMUSIC\BAIDUMUSICDEMO\DEBUG\DUIFRAMEWND.OBJ
D:\BAIDUVERSION\2015.12.25\BAIDUMUSIC\BAIDUMUSICDEMO\DEBUG\MAIN.OBJ
D:\BAIDUVERSION\2015.12.25\BAIDUMUSIC\BAIDUMUSICDEMO\DEBUG\MENUWND.OBJ
D:\BAIDUVERSION\2015.12.25\BAIDUMUSIC\BAIDUMUSICDEMO\DEBUG\MUSICLISTELEMENT.OBJ
D:\BAIDUVERSION\2015.12.25\BAIDUMUSIC\BAIDUMUSICDEMO\DEBUG\MUSICTEST.OBJ
D:\BAIDUVERSION\2015.12.25\BAIDUMUSIC\BAIDUMUSICDEMO\DEBUG\PLAYLIST.OBJ
D:\BAIDUVERSION\2015.12.25\BAIDUMUSIC\BAIDUMUSICDEMO\DEBUG\SETTINGWND.OBJ
D:\BAIDUVERSION\2015.12.25\BAIDUMUSIC\BAIDUMUSICDEMO\DEBUG\TRAYICON.OBJ
D:\BAIDUVERSION\2015.12.25\BAIDUMUSIC\BAIDUMUSICDEMO\DEBUG\UIALBUM.OBJ
D:\BAIDUVERSION\2015.12.25\BAIDUMUSIC\BAIDUMUSICDEMO\DEBUG\VC100.PDB
D:\BAIDUVERSION\2015.12.25\BAIDUMUSIC\DEBUG\BAIDUMUSIC.EXE
D:\BAIDUVERSION\2015.12.25\BAIDUMUSIC\DEBUG\BAIDUMUSIC.ILK
D:\BAIDUVERSION\2015.12.25\BAIDUMUSIC\DEBUG\BAIDUMUSIC.PDB
